<?xml version="1.0" encoding="UTF-8"?>
<!-- Generated by org.testng.reporters.JUnitXMLReporter -->
<testsuite hostname="IN2196867W4" ignored="0" name="Test" tests="4" failures="0" timestamp="2021-05-10T21:55:55 IST" time="46.159" errors="0">
  <testcase name="loginandlogout" time="13.064" classname="testcases.facebookloginandlogout"/>
  <testcase name="loginandlogout" time="15.122" classname="testcases.facebookloginandlogout"/>
  <testcase name="loginandlogout" time="11.887" classname="testcases.facebookloginandlogout"/>
  <testcase name="incorrectvalue" time="2.617" classname="testcases.facebookloginandlogout"/>
</testsuite> <!-- Test -->
